{
  "stats": {
    "suites": 11,
    "tests": 22,
    "passes": 8,
    "pending": 0,
    "failures": 14,
    "start": "2021-05-18T20:12:47.188Z",
    "end": "2021-05-18T20:15:11.430Z",
    "duration": 144242,
    "testsRegistered": 22,
    "passPercent": 36.36363636363637,
    "pendingPercent": 0,
    "other": 0,
    "hasOther": false,
    "skipped": 0,
    "hasSkipped": false
  },
  "results": [
    {
      "uuid": "aea54417-95c1-40d0-af81-1f122a2bc39c",
      "title": "",
      "fullFile": "cypress/integration/project.spec.js",
      "file": "cypress/integration/project.spec.js",
      "beforeHooks": [],
      "afterHooks": [],
      "tests": [],
      "suites": [
        {
          "uuid": "2cb89866-1e66-4041-9b80-91b47e17c325",
          "title": "1 - Adicione uma cor de fundo específica para a página",
          "fullFile": "",
          "file": "",
          "beforeHooks": [],
          "afterHooks": [],
          "tests": [
            {
              "title": "Possuir cor de fundo: rgb(253, 251, 251)",
              "fullTitle": "1 - Adicione uma cor de fundo específica para a página Possuir cor de fundo: rgb(253, 251, 251)",
              "timedOut": null,
              "duration": 75,
              "state": "passed",
              "speed": "medium",
              "pass": true,
              "fail": false,
              "pending": false,
              "context": null,
              "code": "cy.get('body').should('have.css', 'backgroundColor', 'rgb(253, 251, 251)');",
              "err": {},
              "uuid": "aacf78a3-06db-4d2c-833c-2a3920acac4b",
              "parentUUID": "2cb89866-1e66-4041-9b80-91b47e17c325",
              "isHook": false,
              "skipped": false
            }
          ],
          "suites": [],
          "passes": [
            "aacf78a3-06db-4d2c-833c-2a3920acac4b"
          ],
          "failures": [],
          "pending": [],
          "skipped": [],
          "duration": 75,
          "root": false,
          "rootEmpty": false,
          "_timeout": 2000
        },
        {
          "uuid": "1f8a8326-a84a-45f2-ac92-04510b881699",
          "title": "2 - Adicione uma barra superior com um título",
          "fullFile": "",
          "file": "",
          "beforeHooks": [],
          "afterHooks": [],
          "tests": [
            {
              "title": "A barra deve possuir o ID \"cabecalho\"",
              "fullTitle": "2 - Adicione uma barra superior com um título A barra deve possuir o ID \"cabecalho\"",
              "timedOut": null,
              "duration": 55,
              "state": "passed",
              "speed": "medium",
              "pass": true,
              "fail": false,
              "pending": false,
              "context": null,
              "code": "(0, _ActionBase.shouldExist)('#cabecalho');",
              "err": {},
              "uuid": "374ca15b-3f5b-4a09-8fe2-fe2793bc7394",
              "parentUUID": "1f8a8326-a84a-45f2-ac92-04510b881699",
              "isHook": false,
              "skipped": false
            },
            {
              "title": "A barra superior deve ser fixa no topo da página, com a propriedade top tendo o valor `0`",
              "fullTitle": "2 - Adicione uma barra superior com um título A barra superior deve ser fixa no topo da página, com a propriedade top tendo o valor `0`",
              "timedOut": null,
              "duration": 10048,
              "state": "failed",
              "speed": null,
              "pass": false,
              "fail": true,
              "pending": false,
              "context": null,
              "code": "cy.get('#cabecalho').should('have.css', 'position', 'fixed').should('have.css', 'top', '0px');",
              "err": {
                "message": "AssertionError: Timed out retrying: expected '<header#cabecalho>' to have CSS property 'position' with the value 'fixed', but the value was 'static'",
                "estack": "AssertionError: Timed out retrying: expected '<header#cabecalho>' to have CSS property 'position' with the value 'fixed', but the value was 'static'\n    at Context.eval (http://localhost:38743/__cypress/tests?p=cypress/integration/project.spec.js:159:26)",
                "diff": "- 'static'\n+ 'fixed'\n"
              },
              "uuid": "8a668d24-339c-4d7f-a23b-61cd1818cd6a",
              "parentUUID": "1f8a8326-a84a-45f2-ac92-04510b881699",
              "isHook": false,
              "skipped": false
            },
            {
              "title": "O título deve estar dentro da barra e possuir o ID \"titulo\", além de ser uma tag \"h1\"",
              "fullTitle": "2 - Adicione uma barra superior com um título O título deve estar dentro da barra e possuir o ID \"titulo\", além de ser uma tag \"h1\"",
              "timedOut": null,
              "duration": 59,
              "state": "passed",
              "speed": "medium",
              "pass": true,
              "fail": false,
              "pending": false,
              "context": null,
              "code": "(0, _ActionBase.shouldExist)('#cabecalho h1#titulo');",
              "err": {},
              "uuid": "568f4039-3c79-4d19-813b-a107ec75389a",
              "parentUUID": "1f8a8326-a84a-45f2-ac92-04510b881699",
              "isHook": false,
              "skipped": false
            }
          ],
          "suites": [],
          "passes": [
            "374ca15b-3f5b-4a09-8fe2-fe2793bc7394",
            "568f4039-3c79-4d19-813b-a107ec75389a"
          ],
          "failures": [
            "8a668d24-339c-4d7f-a23b-61cd1818cd6a"
          ],
          "pending": [],
          "skipped": [],
          "duration": 10162,
          "root": false,
          "rootEmpty": false,
          "_timeout": 2000
        },
        {
          "uuid": "6ef7eca3-6943-4f2f-a6db-52a2e6e46f69",
          "title": "3 - Adicione uma foto sua à página",
          "fullFile": "",
          "file": "",
          "beforeHooks": [],
          "afterHooks": [],
          "tests": [
            {
              "title": "A foto deve ser inserida utilizando uma tag img com o ID \"minha_foto\"",
              "fullTitle": "3 - Adicione uma foto sua à página A foto deve ser inserida utilizando uma tag img com o ID \"minha_foto\"",
              "timedOut": null,
              "duration": 53,
              "state": "passed",
              "speed": "medium",
              "pass": true,
              "fail": false,
              "pending": false,
              "context": null,
              "code": "cy.get('img#minha_foto').should('have.attr', 'src');",
              "err": {},
              "uuid": "921bc4e2-dea5-4d1e-b829-c71cc22936ab",
              "parentUUID": "6ef7eca3-6943-4f2f-a6db-52a2e6e46f69",
              "isHook": false,
              "skipped": false
            }
          ],
          "suites": [],
          "passes": [
            "921bc4e2-dea5-4d1e-b829-c71cc22936ab"
          ],
          "failures": [],
          "pending": [],
          "skipped": [],
          "duration": 53,
          "root": false,
          "rootEmpty": false,
          "_timeout": 2000
        },
        {
          "uuid": "abc73a92-aa90-411e-840d-e088361bb774",
          "title": "4 - Adicione uma lista de lições aprendidas à página",
          "fullFile": "",
          "file": "",
          "beforeHooks": [],
          "afterHooks": [],
          "tests": [
            {
              "title": "A lista deve ser numerada e possuir o ID \"licoes_aprendidas\"",
              "fullTitle": "4 - Adicione uma lista de lições aprendidas à página A lista deve ser numerada e possuir o ID \"licoes_aprendidas\"",
              "timedOut": null,
              "duration": 48,
              "state": "passed",
              "speed": "medium",
              "pass": true,
              "fail": false,
              "pending": false,
              "context": null,
              "code": "(0, _ActionBase.shouldExist)('ol#licoes_aprendidas');",
              "err": {},
              "uuid": "e116e135-9c26-459e-a162-ee1d13174bef",
              "parentUUID": "abc73a92-aa90-411e-840d-e088361bb774",
              "isHook": false,
              "skipped": false
            },
            {
              "title": "A lista deve possuir 10 itens",
              "fullTitle": "4 - Adicione uma lista de lições aprendidas à página A lista deve possuir 10 itens",
              "timedOut": null,
              "duration": 54,
              "state": "passed",
              "speed": "medium",
              "pass": true,
              "fail": false,
              "pending": false,
              "context": null,
              "code": "cy.get('ol#licoes_aprendidas').find('li').should('have.length', 10);",
              "err": {},
              "uuid": "0d9c93dd-fb45-4ba6-aacd-09dae49361a6",
              "parentUUID": "abc73a92-aa90-411e-840d-e088361bb774",
              "isHook": false,
              "skipped": false
            }
          ],
          "suites": [],
          "passes": [
            "e116e135-9c26-459e-a162-ee1d13174bef",
            "0d9c93dd-fb45-4ba6-aacd-09dae49361a6"
          ],
          "failures": [],
          "pending": [],
          "skipped": [],
          "duration": 102,
          "root": false,
          "rootEmpty": false,
          "_timeout": 2000
        },
        {
          "uuid": "35de5472-e6f3-4b68-a090-de60d213795a",
          "title": "5 - Crie uma lista de lições que ainda deseja aprender para a página",
          "fullFile": "",
          "file": "",
          "beforeHooks": [],
          "afterHooks": [],
          "tests": [
            {
              "title": "A lista não deve ser numerada e deve possuir o ID \"licoes_a_aprender\"",
              "fullTitle": "5 - Crie uma lista de lições que ainda deseja aprender para a página A lista não deve ser numerada e deve possuir o ID \"licoes_a_aprender\"",
              "timedOut": null,
              "duration": 10084,
              "state": "failed",
              "speed": null,
              "pass": false,
              "fail": true,
              "pending": false,
              "context": null,
              "code": "(0, _ActionBase.shouldExist)('ul#licoes_a_aprender');",
              "err": {
                "message": "AssertionError: Timed out retrying: Expected to find element: `ul#licoes_a_aprender`, but never found it.",
                "estack": "AssertionError: Timed out retrying: Expected to find element: `ul#licoes_a_aprender`, but never found it.\n    at shouldExist (http://localhost:38743/__cypress/tests?p=cypress/integration/project.spec.js:108:20)\n    at Context.eval (http://localhost:38743/__cypress/tests?p=cypress/integration/project.spec.js:189:33)",
                "diff": null
              },
              "uuid": "592f915d-b57a-4d18-9801-37109dcdba84",
              "parentUUID": "35de5472-e6f3-4b68-a090-de60d213795a",
              "isHook": false,
              "skipped": false
            },
            {
              "title": "A lista deve possuir 10 itens",
              "fullTitle": "5 - Crie uma lista de lições que ainda deseja aprender para a página A lista deve possuir 10 itens",
              "timedOut": null,
              "duration": 10045,
              "state": "failed",
              "speed": null,
              "pass": false,
              "fail": true,
              "pending": false,
              "context": null,
              "code": "cy.get('ul#licoes_a_aprender').find('li').should('have.length', 10);",
              "err": {
                "message": "AssertionError: Timed out retrying: Expected to find element: `ul#licoes_a_aprender`, but never found it.",
                "estack": "AssertionError: Timed out retrying: Expected to find element: `ul#licoes_a_aprender`, but never found it.\n    at Context.eval (http://localhost:38743/__cypress/tests?p=cypress/integration/project.spec.js:192:8)",
                "diff": null
              },
              "uuid": "745cb954-e8b1-4cba-bc4a-660f100bc180",
              "parentUUID": "35de5472-e6f3-4b68-a090-de60d213795a",
              "isHook": false,
              "skipped": false
            }
          ],
          "suites": [],
          "passes": [],
          "failures": [
            "592f915d-b57a-4d18-9801-37109dcdba84",
            "745cb954-e8b1-4cba-bc4a-660f100bc180"
          ],
          "pending": [],
          "skipped": [],
          "duration": 20129,
          "root": false,
          "rootEmpty": false,
          "_timeout": 2000
        },
        {
          "uuid": "4ee66237-4345-491b-bc7f-b0338b48556d",
          "title": "6 - Adicione um rodapé para a página",
          "fullFile": "",
          "file": "",
          "beforeHooks": [],
          "afterHooks": [],
          "tests": [
            {
              "title": "O rodapé deve possuir o ID \"rodape\"",
              "fullTitle": "6 - Adicione um rodapé para a página O rodapé deve possuir o ID \"rodape\"",
              "timedOut": null,
              "duration": 10055,
              "state": "failed",
              "speed": null,
              "pass": false,
              "fail": true,
              "pending": false,
              "context": null,
              "code": "cy.get('footer#rodape').should('exist');",
              "err": {
                "message": "AssertionError: Timed out retrying: Expected to find element: `footer#rodape`, but never found it.",
                "estack": "AssertionError: Timed out retrying: Expected to find element: `footer#rodape`, but never found it.\n    at Context.eval (http://localhost:38743/__cypress/tests?p=cypress/integration/project.spec.js:200:29)",
                "diff": null
              },
              "uuid": "c9383a73-e3bc-457d-ba9c-f0a35671361a",
              "parentUUID": "4ee66237-4345-491b-bc7f-b0338b48556d",
              "isHook": false,
              "skipped": false
            }
          ],
          "suites": [],
          "passes": [],
          "failures": [
            "c9383a73-e3bc-457d-ba9c-f0a35671361a"
          ],
          "pending": [],
          "skipped": [],
          "duration": 10055,
          "root": false,
          "rootEmpty": false,
          "_timeout": 2000
        },
        {
          "uuid": "60eeb3f6-d1ec-4896-94df-f2f534c4e269",
          "title": "7 - Insira pelo menos um link externo na página",
          "fullFile": "",
          "file": "",
          "beforeHooks": [],
          "afterHooks": [],
          "tests": [
            {
              "title": "A configuração desse link deve ser feita para abrir em uma nova aba do navegador",
              "fullTitle": "7 - Insira pelo menos um link externo na página A configuração desse link deve ser feita para abrir em uma nova aba do navegador",
              "timedOut": null,
              "duration": 10048,
              "state": "failed",
              "speed": null,
              "pass": false,
              "fail": true,
              "pending": false,
              "context": null,
              "code": "cy.get('a').then(function (a) {\n  var actual = Array.from(a).some(function (element) {\n    return element.target === '_blank' && element.href !== '';\n  });\n  expect(actual).to.be[\"true\"];\n});",
              "err": {
                "message": "AssertionError: Timed out retrying: Expected to find element: `a`, but never found it.",
                "estack": "AssertionError: Timed out retrying: Expected to find element: `a`, but never found it.\n    at Context.eval (http://localhost:38743/__cypress/tests?p=cypress/integration/project.spec.js:208:8)",
                "diff": null
              },
              "uuid": "2fc88132-24ef-41c1-8783-c02bede6cf1b",
              "parentUUID": "60eeb3f6-d1ec-4896-94df-f2f534c4e269",
              "isHook": false,
              "skipped": false
            }
          ],
          "suites": [],
          "passes": [],
          "failures": [
            "2fc88132-24ef-41c1-8783-c02bede6cf1b"
          ],
          "pending": [],
          "skipped": [],
          "duration": 10048,
          "root": false,
          "rootEmpty": false,
          "_timeout": 2000
        },
        {
          "uuid": "e7d9d070-8afb-4fef-833e-86f8e6f5012b",
          "title": "8 - Crie um artigo sobre seu aprendizado",
          "fullFile": "",
          "file": "",
          "beforeHooks": [],
          "afterHooks": [],
          "tests": [
            {
              "title": "A `tag` `article` devem ser utilizadas",
              "fullTitle": "8 - Crie um artigo sobre seu aprendizado A `tag` `article` devem ser utilizadas",
              "timedOut": null,
              "duration": 10054,
              "state": "failed",
              "speed": null,
              "pass": false,
              "fail": true,
              "pending": false,
              "context": null,
              "code": "(0, _ActionBase.shouldExist)('article');",
              "err": {
                "message": "AssertionError: Timed out retrying: Expected to find element: `article`, but never found it.",
                "estack": "AssertionError: Timed out retrying: Expected to find element: `article`, but never found it.\n    at shouldExist (http://localhost:38743/__cypress/tests?p=cypress/integration/project.spec.js:108:20)\n    at Context.eval (http://localhost:38743/__cypress/tests?p=cypress/integration/project.spec.js:221:33)",
                "diff": null
              },
              "uuid": "39f6f085-0e39-42fc-aa13-588d9f20e149",
              "parentUUID": "e7d9d070-8afb-4fef-833e-86f8e6f5012b",
              "isHook": false,
              "skipped": false
            },
            {
              "title": "O artigo deve ter mais de 300 caracteres e menos de 600",
              "fullTitle": "8 - Crie um artigo sobre seu aprendizado O artigo deve ter mais de 300 caracteres e menos de 600",
              "timedOut": null,
              "duration": 10055,
              "state": "failed",
              "speed": null,
              "pass": false,
              "fail": true,
              "pending": false,
              "context": null,
              "code": "cy.get('article').invoke('text').then(function (text) {\n  expect(text).to.have.length.of.at.most(600);\n  expect(text).to.have.length.of.at.above(300);\n});",
              "err": {
                "message": "AssertionError: Timed out retrying: Expected to find element: `article`, but never found it.",
                "estack": "AssertionError: Timed out retrying: Expected to find element: `article`, but never found it.\n    at Context.eval (http://localhost:38743/__cypress/tests?p=cypress/integration/project.spec.js:224:8)",
                "diff": null
              },
              "uuid": "1bdf8b31-0bf8-4b99-8353-44e41fbaef8b",
              "parentUUID": "e7d9d070-8afb-4fef-833e-86f8e6f5012b",
              "isHook": false,
              "skipped": false
            }
          ],
          "suites": [],
          "passes": [],
          "failures": [
            "39f6f085-0e39-42fc-aa13-588d9f20e149",
            "1bdf8b31-0bf8-4b99-8353-44e41fbaef8b"
          ],
          "pending": [],
          "skipped": [],
          "duration": 20109,
          "root": false,
          "rootEmpty": false,
          "_timeout": 2000
        },
        {
          "uuid": "8778b28c-15d6-44af-bec1-7fd043da3e4e",
          "title": "9 - Crie uma seção que conta uma passagem sobre seu aprendizado",
          "fullFile": "",
          "file": "",
          "beforeHooks": [],
          "afterHooks": [],
          "tests": [
            {
              "title": "A `tag` `aside` deve ser utilizada",
              "fullTitle": "9 - Crie uma seção que conta uma passagem sobre seu aprendizado A `tag` `aside` deve ser utilizada",
              "timedOut": null,
              "duration": 10075,
              "state": "failed",
              "speed": null,
              "pass": false,
              "fail": true,
              "pending": false,
              "context": null,
              "code": "(0, _ActionBase.shouldExist)('aside');",
              "err": {
                "message": "AssertionError: Timed out retrying: Expected to find element: `aside`, but never found it.",
                "estack": "AssertionError: Timed out retrying: Expected to find element: `aside`, but never found it.\n    at shouldExist (http://localhost:38743/__cypress/tests?p=cypress/integration/project.spec.js:108:20)\n    at Context.eval (http://localhost:38743/__cypress/tests?p=cypress/integration/project.spec.js:235:33)",
                "diff": null
              },
              "uuid": "afea550c-9cc5-4a09-ae5d-e851a0edcff9",
              "parentUUID": "8778b28c-15d6-44af-bec1-7fd043da3e4e",
              "isHook": false,
              "skipped": false
            },
            {
              "title": "A seção deve ter mais que 100 caracteres e menos que 300",
              "fullTitle": "9 - Crie uma seção que conta uma passagem sobre seu aprendizado A seção deve ter mais que 100 caracteres e menos que 300",
              "timedOut": null,
              "duration": 10056,
              "state": "failed",
              "speed": null,
              "pass": false,
              "fail": true,
              "pending": false,
              "context": null,
              "code": "cy.get('aside').invoke('text').then(function (text) {\n  expect(text).to.have.length.of.at.above(100);\n  expect(text).to.have.length.of.at.most(300);\n});",
              "err": {
                "message": "AssertionError: Timed out retrying: Expected to find element: `aside`, but never found it.",
                "estack": "AssertionError: Timed out retrying: Expected to find element: `aside`, but never found it.\n    at Context.eval (http://localhost:38743/__cypress/tests?p=cypress/integration/project.spec.js:238:8)",
                "diff": null
              },
              "uuid": "ac41d4f1-5331-43ea-acb8-bdf949b76fd7",
              "parentUUID": "8778b28c-15d6-44af-bec1-7fd043da3e4e",
              "isHook": false,
              "skipped": false
            }
          ],
          "suites": [],
          "passes": [],
          "failures": [
            "afea550c-9cc5-4a09-ae5d-e851a0edcff9",
            "ac41d4f1-5331-43ea-acb8-bdf949b76fd7"
          ],
          "pending": [],
          "skipped": [],
          "duration": 20131,
          "root": false,
          "rootEmpty": false,
          "_timeout": 2000
        },
        {
          "uuid": "275b04cc-93ce-46f0-ab44-45b43eefca1a",
          "title": "10 - Aplique elementos HTML de acordo com o sentido e propósito de cada um deles",
          "fullFile": "",
          "file": "",
          "beforeHooks": [],
          "afterHooks": [],
          "tests": [
            {
              "title": "Validar se a página possui um elemento \"article\"",
              "fullTitle": "10 - Aplique elementos HTML de acordo com o sentido e propósito de cada um deles Validar se a página possui um elemento \"article\"",
              "timedOut": null,
              "duration": 10069,
              "state": "failed",
              "speed": null,
              "pass": false,
              "fail": true,
              "pending": false,
              "context": null,
              "code": "(0, _ActionBase.shouldExist)('article');",
              "err": {
                "message": "AssertionError: Timed out retrying: Expected to find element: `article`, but never found it.",
                "estack": "AssertionError: Timed out retrying: Expected to find element: `article`, but never found it.\n    at shouldExist (http://localhost:38743/__cypress/tests?p=cypress/integration/project.spec.js:108:20)\n    at Context.eval (http://localhost:38743/__cypress/tests?p=cypress/integration/project.spec.js:249:33)",
                "diff": null
              },
              "uuid": "fc1f80c3-1ac7-43f7-aa55-07714299877d",
              "parentUUID": "275b04cc-93ce-46f0-ab44-45b43eefca1a",
              "isHook": false,
              "skipped": false
            },
            {
              "title": "Validar se a página possui um elemento \"header\"",
              "fullTitle": "10 - Aplique elementos HTML de acordo com o sentido e propósito de cada um deles Validar se a página possui um elemento \"header\"",
              "timedOut": null,
              "duration": 78,
              "state": "passed",
              "speed": "slow",
              "pass": true,
              "fail": false,
              "pending": false,
              "context": null,
              "code": "(0, _ActionBase.shouldExist)('header');",
              "err": {},
              "uuid": "9c014b5c-d923-41aa-8ba5-1a9f3b6a123a",
              "parentUUID": "275b04cc-93ce-46f0-ab44-45b43eefca1a",
              "isHook": false,
              "skipped": false
            },
            {
              "title": "Validar se a página possui um elemento \"nav\"",
              "fullTitle": "10 - Aplique elementos HTML de acordo com o sentido e propósito de cada um deles Validar se a página possui um elemento \"nav\"",
              "timedOut": null,
              "duration": 10056,
              "state": "failed",
              "speed": null,
              "pass": false,
              "fail": true,
              "pending": false,
              "context": null,
              "code": "(0, _ActionBase.shouldExist)('nav');",
              "err": {
                "message": "AssertionError: Timed out retrying: Expected to find element: `nav`, but never found it.",
                "estack": "AssertionError: Timed out retrying: Expected to find element: `nav`, but never found it.\n    at shouldExist (http://localhost:38743/__cypress/tests?p=cypress/integration/project.spec.js:108:20)\n    at Context.eval (http://localhost:38743/__cypress/tests?p=cypress/integration/project.spec.js:255:33)",
                "diff": null
              },
              "uuid": "25fb2548-f7d4-45f6-9840-bee52e8a78a2",
              "parentUUID": "275b04cc-93ce-46f0-ab44-45b43eefca1a",
              "isHook": false,
              "skipped": false
            },
            {
              "title": "Validar se a página possui um elemento \"section\"",
              "fullTitle": "10 - Aplique elementos HTML de acordo com o sentido e propósito de cada um deles Validar se a página possui um elemento \"section\"",
              "timedOut": null,
              "duration": 10053,
              "state": "failed",
              "speed": null,
              "pass": false,
              "fail": true,
              "pending": false,
              "context": null,
              "code": "(0, _ActionBase.shouldExist)('section');",
              "err": {
                "message": "AssertionError: Timed out retrying: Expected to find element: `section`, but never found it.",
                "estack": "AssertionError: Timed out retrying: Expected to find element: `section`, but never found it.\n    at shouldExist (http://localhost:38743/__cypress/tests?p=cypress/integration/project.spec.js:108:20)\n    at Context.eval (http://localhost:38743/__cypress/tests?p=cypress/integration/project.spec.js:258:33)",
                "diff": null
              },
              "uuid": "b1181a58-a978-447d-bd9d-dc43f22d071b",
              "parentUUID": "275b04cc-93ce-46f0-ab44-45b43eefca1a",
              "isHook": false,
              "skipped": false
            },
            {
              "title": "Validar se a página possui um elemento \"aside\"",
              "fullTitle": "10 - Aplique elementos HTML de acordo com o sentido e propósito de cada um deles Validar se a página possui um elemento \"aside\"",
              "timedOut": null,
              "duration": 10051,
              "state": "failed",
              "speed": null,
              "pass": false,
              "fail": true,
              "pending": false,
              "context": null,
              "code": "(0, _ActionBase.shouldExist)('aside');",
              "err": {
                "message": "AssertionError: Timed out retrying: Expected to find element: `aside`, but never found it.",
                "estack": "AssertionError: Timed out retrying: Expected to find element: `aside`, but never found it.\n    at shouldExist (http://localhost:38743/__cypress/tests?p=cypress/integration/project.spec.js:108:20)\n    at Context.eval (http://localhost:38743/__cypress/tests?p=cypress/integration/project.spec.js:261:33)",
                "diff": null
              },
              "uuid": "54a3bbe2-981b-4d7b-8975-bb022a2494bb",
              "parentUUID": "275b04cc-93ce-46f0-ab44-45b43eefca1a",
              "isHook": false,
              "skipped": false
            },
            {
              "title": "Validar se a página possui um elemento \"footer\"",
              "fullTitle": "10 - Aplique elementos HTML de acordo com o sentido e propósito de cada um deles Validar se a página possui um elemento \"footer\"",
              "timedOut": null,
              "duration": 10052,
              "state": "failed",
              "speed": null,
              "pass": false,
              "fail": true,
              "pending": false,
              "context": null,
              "code": "(0, _ActionBase.shouldExist)('footer');",
              "err": {
                "message": "AssertionError: Timed out retrying: Expected to find element: `footer`, but never found it.",
                "estack": "AssertionError: Timed out retrying: Expected to find element: `footer`, but never found it.\n    at shouldExist (http://localhost:38743/__cypress/tests?p=cypress/integration/project.spec.js:108:20)\n    at Context.eval (http://localhost:38743/__cypress/tests?p=cypress/integration/project.spec.js:264:33)",
                "diff": null
              },
              "uuid": "b164d582-de23-491c-bc9c-412bb07bdbcd",
              "parentUUID": "275b04cc-93ce-46f0-ab44-45b43eefca1a",
              "isHook": false,
              "skipped": false
            }
          ],
          "suites": [],
          "passes": [
            "9c014b5c-d923-41aa-8ba5-1a9f3b6a123a"
          ],
          "failures": [
            "fc1f80c3-1ac7-43f7-aa55-07714299877d",
            "25fb2548-f7d4-45f6-9840-bee52e8a78a2",
            "b1181a58-a978-447d-bd9d-dc43f22d071b",
            "54a3bbe2-981b-4d7b-8975-bb022a2494bb",
            "b164d582-de23-491c-bc9c-412bb07bdbcd"
          ],
          "pending": [],
          "skipped": [],
          "duration": 50359,
          "root": false,
          "rootEmpty": false,
          "_timeout": 2000
        },
        {
          "uuid": "621e575c-2283-4478-8202-4807db9fcafd",
          "title": "11 - Teste a semântica da sua página está aprovada pelo site CodeSniffer",
          "fullFile": "",
          "file": "",
          "beforeHooks": [],
          "afterHooks": [],
          "tests": [
            {
              "title": "Seu site deve passar sem problemas na verificação de semântica do site CodeSniffer",
              "fullTitle": "11 - Teste a semântica da sua página está aprovada pelo site CodeSniffer Seu site deve passar sem problemas na verificação de semântica do site CodeSniffer",
              "timedOut": null,
              "duration": 1910,
              "state": "passed",
              "speed": "slow",
              "pass": true,
              "fail": false,
              "pending": false,
              "context": null,
              "code": "cy.readFile('./index.html').then(function (content) {\n  cy.visit('http://squizlabs.github.io/HTML_CodeSniffer/');\n  cy.get('#runHTMLCS').click();\n  cy.get('#source').invoke('val', content).trigger('input');\n  cy.get('#run-button').click();\n  cy.get('.result-count-errors').contains(/^0$/);\n});",
              "err": {},
              "uuid": "563e4323-27fd-4d03-9947-1294d1844d9f",
              "parentUUID": "621e575c-2283-4478-8202-4807db9fcafd",
              "isHook": false,
              "skipped": false
            }
          ],
          "suites": [],
          "passes": [
            "563e4323-27fd-4d03-9947-1294d1844d9f"
          ],
          "failures": [],
          "pending": [],
          "skipped": [],
          "duration": 1910,
          "root": false,
          "rootEmpty": false,
          "_timeout": 2000
        }
      ],
      "passes": [],
      "failures": [],
      "pending": [],
      "skipped": [],
      "duration": 0,
      "root": true,
      "rootEmpty": true,
      "_timeout": 2000
    }
  ],
  "meta": {
    "mocha": {
      "version": "7.0.1"
    },
    "mochawesome": {
      "options": {
        "quiet": false,
        "reportFilename": "mochawesome",
        "saveHtml": false,
        "saveJson": true,
        "consoleReporter": "spec",
        "useInlineDiffs": false
      },
      "version": "4.1.0"
    },
    "marge": {
      "options": {
        "id": "default",
        "reportDir": "cypress/reports",
        "overwrite": false,
        "html": false,
        "json": true
      },
      "version": "4.1.0"
    }
  }
}